Determining if the function get_current_dir_name exists failed with the following output:
Change Dir: /Users/david/src/taskwarrior-ios/taskwarrior.org/task-build/CMakeFiles/CMakeTmp

Run Build Command:/usr/local/Cellar/cmake/2.8.12.2/bin/cmakexbuild -project CMAKE_TRY_COMPILE.xcodeproj build -target cmTryCompileExec1202838010 -configuration Debug
2014-05-03 18:55:53.696 xcodebuild[43716:1007] [MT] PluginLoading: Required plug-in compatibility UUID A2E4D43F-41F4-4FB9-BB94-7177011C9AED for plug-in at path '~/Library/Application Support/Developer/Shared/Xcode/Plug-ins/XCFixin_CustomizeWarningErrorHighlights.xcplugin' not present in DVTPlugInCompatibilityUUIDs
2014-05-03 18:55:53.698 xcodebuild[43716:1007] [MT] PluginLoading: Required plug-in compatibility UUID A2E4D43F-41F4-4FB9-BB94-7177011C9AED for plug-in at path '~/Library/Application Support/Developer/Shared/Xcode/Plug-ins/XCFixin_CurrentLineHighlighter.xcplugin' not present in DVTPlugInCompatibilityUUIDs
2014-05-03 18:55:53.698 xcodebuild[43716:1007] [MT] PluginLoading: Required plug-in compatibility UUID A2E4D43F-41F4-4FB9-BB94-7177011C9AED for plug-in at path '~/Library/Application Support/Developer/Shared/Xcode/Plug-ins/SparkInspectorXcodePlugin.xcplugin' not present in DVTPlugInCompatibilityUUIDs
2014-05-03 18:55:53.699 xcodebuild[43716:1007] [MT] PluginLoading: Required plug-in compatibility UUID A2E4D43F-41F4-4FB9-BB94-7177011C9AED for plug-in at path '~/Library/Application Support/Developer/Shared/Xcode/Plug-ins/InjectionPlugin.xcplugin' not present in DVTPlugInCompatibilityUUIDs
=== BUILD TARGET cmTryCompileExec1202838010 OF PROJECT CMAKE_TRY_COMPILE WITH CONFIGURATION Debug ===

Check dependencies

Write auxiliary files
/bin/mkdir -p /Users/david/src/taskwarrior-ios/taskwarrior.org/task-build/CMakeFiles/CMakeTmp/CMAKE_TRY_COMPILE.build/Debug/cmTryCompileExec1202838010.build/Objects-normal/x86_64
write-file /Users/david/src/taskwarrior-ios/taskwarrior.org/task-build/CMakeFiles/CMakeTmp/CMAKE_TRY_COMPILE.build/Debug/cmTryCompileExec1202838010.build/Objects-normal/x86_64/cmTryCompileExec1202838010.LinkFileList

CompileC CMAKE_TRY_COMPILE.build/Debug/cmTryCompileExec1202838010.build/Objects-normal/x86_64/CheckFunctionExists.o /usr/local/Cellar/cmake/2.8.12.2/share/cmake/Modules/CheckFunctionExists.c normal x86_64 c com.apple.compilers.llvm.clang.1_0.compiler
    cd /Users/david/src/taskwarrior-ios/taskwarrior.org/task-build/CMakeFiles/CMakeTmp
    export LANG=en_US.US-ASCII
    /Applications/Xcode.app/Contents/Developer/Toolchains/XcodeDefault.xctoolchain/usr/bin/clang -x c -arch x86_64** BUILD FAILED **


The following bu -fmessage-length=0 -fdiagnostics-show-note-include-stack -fmacro-backtrace-limit=0 -Wno-trigraphs -fpascal-strings -O0 -Wno-missing-field-initializers -Wno-missing-prototypes -Wno-return-type -Wno-missing-braces -Wparentheses -Wswitch -Wno-unused-function -Wno-unused-label -Wno-unused-parameter -Wno-unused-variable -Wunused-value -Wno-empty-body -Wno-uninitialized -Wno-unknown-pragmas -Wno-shadow -Wno-four-char-constants -Wno-conversion -Wno-constant-conversion -Wno-int-conversion -Wno-bool-conversion -Wno-enum-conversion -Wno-shorten-64-to-32 -Wpointer-sign -Wno-newline-eof -DCMAKE_INTDIR=\"Debug\" -isysroot /Applications/Xcode.app/Contents/Developer/Platforms/MacOSX.platform/Developer/SDKs/MacOSX10.9.sdk -fasm-blocks -fstrict-aliasing -Wdeprecated-declarations -mmacosx-version-min=10.9 -g -Wno-sign-conversion -I/Users/david/src/taskwarrior-ios/taskwarrior.org/task-build/CMakeFiles/CMakeTmp/Debug/include -I/Applications/Xcode.app/Contents/Developer/Toolchains/XcodeDefault.xctoolchain/usr/include -I/Users/daild commavid/src/taskwarrior-ios/taskwarrior.org/task-build/CMakeFiles/CMakeTmp/CMAKE_TRY_COMPILE.build/Debug/cmTryCompileExec1202838010.build/DerivedSources/x86_64 -I/Users/david/src/taskwarrior-ios/taskwarrior.org/task-build/CMakeFiles/CMakeTmp/CMAKE_TRY_COMPILE.build/Debug/cmTryCompileExec1202838010.build/DerivedSources -Wmost -Wno-four-char-constants -Wno-unknown-pragmas -F/Users/david/src/taskwarrior-ios/taskwarrior.org/task-build/CMakeFiles/CMakeTmp/Debug -DCHECK_FUNCTION_EXISTS=get_current_dir_name -MMD -MT dependencies -MF /Users/david/src/taskwarrior-ios/taskwarrior.org/task-build/CMakeFiles/CMakeTmp/CMAKE_TRY_COMPILE.build/Debug/cmTryCompileExec1202838010.build/Objects-normal/x86_64/CheckFunctionExists.d --serialize-diagnostics /Users/david/src/taskwarrior-ios/taskwarrior.org/task-build/CMakeFiles/CMakeTmp/CMAKE_TRY_COMPILE.build/Debug/cmTryCompileExec1202838010.build/Objects-normal/x86_64/CheckFunctionExists.dia -c /usr/local/Cellar/cmake/2.8.12.2/share/cmake/Modules/CheckFunctionExists.c -o /Users/david/src/taskwarrior-ios/taskwarrior.org/task-build/CMakeFiles/CMakeTmp/CMAKE_TRY_COMPILE.build/Debug/cmTryCompileExec1202838010.build/Objects-normal/x86_64/CheckFunctionExists.o

Ld Debug/cmTryCompileExec1202838010 normal x86_64
    cd /Users/david/src/taskwarrior-ios/taskwarrior.org/task-build/CMakeFiles/CMakeTmp
    export MACOSX_DEPLOYMENT_TARGET=10.9
    /Applications/Xcode.app/Contents/Developer/Toolchains/XcodeDefault.xctoolchain/usr/bin/clang -arch x86_64 -isysroot /Applications/Xcode.app/Contents/Developer/Platforms/MacOSX.platform/Developer/SDKs/MacOSX10.9.sdk -L/Users/david/src/taskwarrior-ios/taskwarrior.org/task-build/CMakeFiles/CMakeTmp/Debug -F/Users/david/src/taskwarrior-ios/taskwarrior.org/task-build/CMakeFiles/CMakeTmp/Debug -filelist /Users/david/src/taskwarrior-ios/taskwarrior.org/task-build/CMakeFiles/CMakeTmp/CMAKE_TRY_COMPILE.build/Debug/cmTryCompileExec1202838010.build/Objects-normal/x86_64/cmTryCompileExec1202838010.LinkFileList -mmacosx-version-min=10.9 -Wl,-search_paths_first -Wl,-headerpands failed:d_max_install_names -Xlinker -dependency_info -Xlinker /Users/david/src/taskwarrior-ios/taskwarrior.org/task-build/CMakeFiles/CMakeTmp/CMAKE_TRY_COMPILE.build/Debug/cmTryCompileExec1202838010.build/Objects-normal/x86_64/cmTryCompileExec1202838010_dependency_info.dat -o /Users/david/src/taskwarrior-ios/taskwarrior.org/task-build/CMakeFiles/CMakeTmp/Debug/cmTryCompileExec1202838010
Undefined symbols for architecture x86_64:
  "_get_current_dir_name", referenced from:
      _main in CheckFunctionExists.o
ld: symbol(s) not found for architecture x86_64
clang: error: linker command failed with exit code 1 (use -v to see invocation)


	Ld Debug/cmTryCompileExec1202838010 normal x86_64
(1 failure)


